<?xml version="1.0" encoding="UTF-8"?>
<testng-results skipped="0" failed="0" ignored="0" total="1" passed="1">
  <reporter-output>
  </reporter-output>
  <suite name="Default suite" duration-ms="9712" started-at="2022-05-10T13:30:28 IST" finished-at="2022-05-10T13:30:38 IST">
    <groups>
    </groups>
    <test name="Default test" duration-ms="9712" started-at="2022-05-10T13:30:28 IST" finished-at="2022-05-10T13:30:38 IST">
      <class name="com.pack1.FirstTestCase">
        <test-method status="PASS" signature="invokeBrowser()[pri:0, instance:com.pack1.FirstTestCase@66d1af89]" name="invokeBrowser" is-config="true" duration-ms="6066" started-at="2022-05-10T13:30:28 IST" finished-at="2022-05-10T13:30:34 IST">
          <reporter-output>
          </reporter-output>
        </test-method> <!-- invokeBrowser -->
        <test-method status="PASS" signature="loginTest()[pri:0, instance:com.pack1.FirstTestCase@66d1af89]" name="loginTest" duration-ms="3410" started-at="2022-05-10T13:30:34 IST" finished-at="2022-05-10T13:30:38 IST">
          <reporter-output>
          </reporter-output>
        </test-method> <!-- loginTest -->
        <test-method status="PASS" signature="closeBrowser()[pri:0, instance:com.pack1.FirstTestCase@66d1af89]" name="closeBrowser" is-config="true" duration-ms="182" started-at="2022-05-10T13:30:38 IST" finished-at="2022-05-10T13:30:38 IST">
          <reporter-output>
          </reporter-output>
        </test-method> <!-- closeBrowser -->
      </class> <!-- com.pack1.FirstTestCase -->
    </test> <!-- Default test -->
  </suite> <!-- Default suite -->
</testng-results>
